<?xml version="1.0" encoding="UTF-8"?>
<testsuite xmlns:xsi="http://www.w3.org/2001/XMLSchema-instance" xsi:noNamespaceSchemaLocation="https://maven.apache.org/surefire/maven-surefire-plugin/xsd/surefire-test-report.xsd" version="3.0.2" name="cn.edu.tju.MyApplicationTests" time="14.455" tests="1" errors="0" skipped="0" failures="0">
  <properties>
[...]
</properties>
  <testcase name="contextLoads" classname="cn.edu.tju.MyApplicationTests" time="0.66">
    <system-out><![CDATA[13:37:07.811 [main] INFO org.springframework.test.context.support.AnnotationConfigContextLoaderUtils -- Could not detect default configuration classes for test class [cn.edu.tju.MyApplicationTests]: MyApplicationTests does not declare any static, non-private, non-final, nested classes annotated with @Configuration.
13:37:07.985 [main] INFO org.springframework.boot.test.context.SpringBootTestContextBootstrapper -- Found @SpringBootConfiguration cn.edu.tju.MyApplication for test class cn.edu.tju.MyApplicationTests
 _________      ___  ___  ___           _____  ________  ________  ________
|\___   ___\   |\  \|\  \|\  \         / __  \|\   __  \|\  ___  \|\   ____\
\|___ \  \_|   \ \  \ \  \\\  \       |\/_|\  \ \  \|\  \ \____   \ \  \___|_
     \ \  \  __ \ \  \ \  \\\  \      \|/ \ \  \ \   __  \|____|\  \ \_____  \
      \ \  \|\  \\_\  \ \  \\\  \          \ \  \ \  \|\  \  __\_\  \|____|\  \
       \ \__\ \________\ \_______\          \ \__\ \_______\|\_______\____\_\  \
        \|__|\|________|\|_______|           \|__|\|_______|\|_______|\_________\
                                                                     \|_________|

 ________  _______   _______   ___  __            _________  ________  ___  ___  _________  ___  ___          ________ ________  ________  _____ ______           ________ ________  ________ _________  ________
|\   ____\|\  ___ \ |\  ___ \ |\  \|\  \         |\___   ___\\   __  \|\  \|\  \|\___   ___\\  \|\  \        |\  _____\\   __  \|\   __  \|\   _ \  _   \        |\  _____\\   __  \|\   ____\\___   ___\\   ____\
\ \  \___|\ \   __/|\ \   __/|\ \  \/  /|_       \|___ \  \_\ \  \|\  \ \  \\\  \|___ \  \_\ \  \\\  \       \ \  \__/\ \  \|\  \ \  \|\  \ \  \\\__\ \  \       \ \  \__/\ \  \|\  \ \  \___\|___ \  \_\ \  \___|_
 \ \_____  \ \  \_|/_\ \  \_|/_\ \   ___  \           \ \  \ \ \   _  _\ \  \\\  \   \ \  \ \ \   __  \       \ \   __\\ \   _  _\ \  \\\  \ \  \\|__| \  \       \ \   __\\ \   __  \ \  \       \ \  \ \ \_____  \
  \|____|\  \ \  \_|\ \ \  \_|\ \ \  \\ \  \           \ \  \ \ \  \\  \\ \  \\\  \   \ \  \ \ \  \ \  \       \ \  \_| \ \  \\  \\ \  \\\  \ \  \    \ \  \       \ \  \_| \ \  \ \  \ \  \____   \ \  \ \|____|\  \
    ____\_\  \ \_______\ \_______\ \__\\ \__\           \ \__\ \ \__\\ _\\ \_______\   \ \__\ \ \__\ \__\       \ \__\   \ \__\\ _\\ \_______\ \__\    \ \__\       \ \__\   \ \__\ \__\ \_______\  \ \__\  ____\_\  \
   |\_________\|_______|\|_______|\|__| \|__|            \|__|  \|__|\|__|\|_______|    \|__|  \|__|\|__|        \|__|    \|__|\|__|\|_______|\|__|     \|__|        \|__|    \|__|\|__|\|_______|   \|__| |\_________\
   \|_________|                                                                                                                                                                                            \|_________|


2025-09-25T13:37:08.663+08:00  INFO 30748 --- [myapp] [           main] cn.edu.tju.MyApplicationTests            : Starting MyApplicationTests using Java 24.0.2 with PID 30748 (started by Admin in D:\Programming\vscode\25261_elm\backend-spring)
2025-09-25T13:37:08.665+08:00  INFO 30748 --- [myapp] [           main] cn.edu.tju.MyApplicationTests            : No active profile set, falling back to 1 default profile: "default"
2025-09-25T13:37:10.831+08:00  INFO 30748 --- [myapp] [           main] .s.d.r.c.RepositoryConfigurationDelegate : Bootstrapping Spring Data JPA repositories in DEFAULT mode.
2025-09-25T13:37:11.052+08:00  INFO 30748 --- [myapp] [           main] .s.d.r.c.RepositoryConfigurationDelegate : Finished Spring Data repository scanning in 191 ms. Found 8 JPA repository interfaces.
2025-09-25T13:37:12.253+08:00  INFO 30748 --- [myapp] [           main] com.zaxxer.hikari.HikariDataSource       : HikariPool-1 - Starting...
2025-09-25T13:37:12.864+08:00  INFO 30748 --- [myapp] [           main] com.zaxxer.hikari.pool.HikariPool        : HikariPool-1 - Added connection conn0: url=jdbc:h2:mem:testdb user=SA
2025-09-25T13:37:12.868+08:00  INFO 30748 --- [myapp] [           main] com.zaxxer.hikari.HikariDataSource       : HikariPool-1 - Start completed.
2025-09-25T13:37:13.301+08:00  INFO 30748 --- [myapp] [           main] o.hibernate.jpa.internal.util.LogHelper  : HHH000204: Processing PersistenceUnitInfo [name: default]
2025-09-25T13:37:13.480+08:00  INFO 30748 --- [myapp] [           main] org.hibernate.Version                    : HHH000412: Hibernate ORM core version 6.6.26.Final
2025-09-25T13:37:13.582+08:00  INFO 30748 --- [myapp] [           main] o.h.c.internal.RegionFactoryInitiator    : HHH000026: Second-level cache disabled
2025-09-25T13:37:14.224+08:00  INFO 30748 --- [myapp] [           main] o.s.o.j.p.SpringPersistenceUnitInfo      : No LoadTimeWeaver setup: ignoring JPA class transformer
2025-09-25T13:37:14.329+08:00  WARN 30748 --- [myapp] [           main] org.hibernate.orm.deprecation            : HHH90000025: H2Dialect does not need to be specified explicitly using 'hibernate.dialect' (remove the property setting and it will be selected by default)
2025-09-25T13:37:14.360+08:00  INFO 30748 --- [myapp] [           main] org.hibernate.orm.connections.pooling    : HHH10001005: Database info:
	Database JDBC URL [Connecting through datasource 'HikariDataSource (HikariPool-1)']
	Database driver: undefined/unknown
	Database version: 2.3.232
	Autocommit mode: undefined/unknown
	Isolation level: undefined/unknown
	Minimum pool size: undefined/unknown
	Maximum pool size: undefined/unknown
Hibernate: 
    create global temporary table HT_users(id bigint not null, primary key (id)) TRANSACTIONAL
Hibernate: 
    create global temporary table HTE_users(activated boolean, is_deleted boolean, HTE_IDENTITY bigint generated 
by
    default as identity, create_time timestamp(6), creator bigint, id bigint, update_time timestamp(6), updater bigint, password varchar(100), username varchar(100), email varchar(255), first_name varchar(255), gender varchar(255), last_name varchar(255), phone varchar(255), photo TEXT, primary key (HTE_IDENTITY)) TRANSACTIONAL
Hibernate: 
    create global temporary table HTE_person(activated boolean, is_deleted boolean, HTE_IDENTITY bigint generated 
by
    default as identity, create_time timestamp(6), creator bigint, id bigint, update_time timestamp(6), updater bigint, password varchar(100), username varchar(100), email varchar(255), first_name varchar(255), gender varchar(255), last_name varchar(255), phone varchar(255), photo TEXT, primary key (HTE_IDENTITY)) TRANSACTIONAL
2025-09-25T13:37:16.846+08:00  INFO 30748 --- [myapp] [           main] o.h.e.t.j.p.i.JtaPlatformInitiator       : HHH000489: No JTA platform available (set 'hibernate.transaction.jta.platform' to enable JTA platform integration)
Hibernate: 
    create table business (
        id bigint generated by default as identity,
        create_time timestamp(6),
        creator bigint,
        is_deleted boolean,
        update_time timestamp(6),
        updater bigint,
        business_address varchar(255),
        business_explain varchar(255),
        business_img varchar(255),
        business_name varchar(255),
        delivery_price numeric(38,2),
        order_type_id integer,
        remarks varchar(255),
        start_price numeric(38,2),
        business_owner_id bigint,
        primary key (id)
    )
Hibernate: 
    create table cart (
        id bigint generated by default as identity,
        create_time timestamp(6),
        creator bigint,
        is_deleted boolean,
        update_time timestamp(6),
        updater bigint,
        quantity integer,
        business_id bigint not null,
        customer_id bigint not null,
        food_id bigint not null,
        primary key (id)
    )
Hibernate: 
    create table delivery_address (
        id bigint generated by default as identity,
        create_time timestamp(6),
        creator bigint,
        is_deleted boolean,
        update_time timestamp(6),
        updater bigint,
        address varchar(255),
        contact_name varchar(255),
        contact_sex integer,
        contact_tel varchar(255),
        user_id bigint not null,
        primary key (id)
    )
Hibernate: 
    create table food (
        id bigint generated by default as identity,
        create_time timestamp(6),
        creator bigint,
        is_deleted boolean,
        update_time timestamp(6),
        updater bigint,
        food_explain varchar(255),
        food_img TEXT,
        food_name varchar(255) not null,
        food_price numeric(10,2) not null,
        remarks varchar(255),
        business_id bigint not null,
        primary key (id)
    )
Hibernate: 
    create table orderdetailet (
        id bigint generated by default as identity,
        create_time timestamp(6),
        creator bigint,
        is_deleted boolean,
        update_time timestamp(6),
        updater bigint,
        quantity integer,
        food_id bigint not null,
        order_id bigint not null,
        primary key (id)
    )
Hibernate: 
    create table orders (
        id bigint generated by default as identity,
        create_time timestamp(6),
        creator bigint,
        is_deleted boolean,
        update_time timestamp(6),
        updater bigint,
        order_date date,
        order_state integer,
        order_total numeric(10,2),
        business_id bigint not null,
        customer_id bigint not null,
        address_id bigint not null,
        primary key (id)
    )
Hibernate: 
    create table person (
        email varchar(255),
        first_name varchar(255),
        gender varchar(255),
        last_name varchar(255),
        phone varchar(255),
        photo TEXT,
        id bigint not null,
        primary key (id)
    )
Hibernate: 
    alter table if exists business 
       add constraint FKjyop04htly94pelc28pjtngpr 
       foreign key (business_owner_id) 
       references users
Hibernate: 
    alter table if exists cart 
       add constraint FKgvn8s674rpifksi4a6uaq9ymh 
       foreign key (business_id) 
       references business
Hibernate: 
    alter table if exists cart 
       add constraint FKrynrwuqbpdheocivcmp9itsxi 
       foreign key (customer_id) 
       references users
Hibernate: 
    alter table if exists cart 
       add constraint FK9idro6c1m306j5glp69u15o9j 
       foreign key (food_id) 
       references food
Hibernate: 
    alter table if exists delivery_address 
       add constraint FKlunoaq6lsl5d75tkbg3alrn6u 
       foreign key (user_id) 
       references users
Hibernate: 
    alter table if exists food 
       add constraint FK7aacvfjdybtgiw2tb7vm7nu72 
       foreign key (business_id) 
       references business
Hibernate: 
    alter table if exists orderdetailet 
       add constraint FKafcbyjtsrerl3nb0mafb089ys 
       foreign key (food_id) 
       references food
Hibernate: 
    alter table if exists orderdetailet 
       add constraint FKj78b4w018ti2fm1th2y7rip7p 
       foreign key (order_id) 
       references orders
Hibernate: 
    alter table if exists orders 
       add constraint FK6yv9sbeyxjkhkrdb2opee19tg 
       foreign key (business_id) 
       references business
Hibernate: 
    alter table if exists orders 
       add constraint FKsjfs85qf6vmcurlx43cnc16gy 
       foreign key (customer_id) 
       references users
Hibernate: 
    alter table if exists orders 
       add constraint FKnxiucb4707442svu8ppyng5md 
       foreign key (address_id) 
       references delivery_address
Hibernate: 
    alter table if exists person 
       add constraint FKt9eifwfaty2datnx2ra7ll9dc 
       foreign key (id) 
       references users
Hibernate: 
    alter table if exists user_authority 
       add constraint FK6ktglpl5mjosa283rvken2py5 
       foreign key (authority_name) 
       references authority
Hibernate: 
    alter table if exists user_authority 
       add constraint FKhi46vu7680y1hwvmnnuh4cybx 
       foreign key (user_id) 
       references users
2025-09-25T13:37:17.019+08:00  INFO 30748 --- [myapp] [           main] j.LocalContainerEntityManagerFactoryBean : Initialized JPA EntityManagerFactory for persistence unit 'default'
2025-09-25T13:37:18.605+08:00  WARN 30748 --- [myapp] [           main] JpaBaseConfiguration$JpaWebConfiguration : spring.jpa.open-in-view is enabled by default. Therefore, database queries may be performed during view rendering. Explicitly configure spring.jpa.open-in-view to disable this warning
2025-09-25T13:37:18.664+08:00  INFO 30748 --- [myapp] [           main] o.s.b.a.w.s.WelcomePageHandlerMapping    : Adding welcome page: class path resource [static/index.html]
2025-09-25T13:37:20.096+08:00  INFO 30748 --- [myapp] [           main] r$InitializeUserDetailsManagerConfigurer : Global AuthenticationManager configured with UserDetailsService bean with name userDetailsService
2025-09-25T13:37:21.158+08:00  INFO 30748 --- [myapp] [           main] o.s.b.a.h2.H2ConsoleAutoConfiguration    : H2 console available at '/h2-console'. Database available at 'jdbc:h2:mem:testdb'
2025-09-25T13:37:21.368+08:00  INFO 30748 --- [myapp] [           main] cn.edu.tju.MyApplicationTests            : Started MyApplicationTests in 13.165 seconds (process running for 14.448)
]]></system-out>
    <system-err><![CDATA[Mockito is currently self-attaching to enable the inline-mock-maker. This will no longer work in future releases of the JDK. Please add Mockito as an agent to your build as described in Mockito's documentation: https://javadoc.io/doc/org.mockito/mockito-core/latest/org.mockito/org/mockito/Mockito.html#0.3
WARNING: A Java agent has been loaded dynamically (C:\Users\Admin\.m2\repository\net\bytebuddy\byte-buddy-agent\1.17.7\byte-buddy-agent-1.17.7.jar)
WARNING: If a serviceability tool is in use, please run with -XX:+EnableDynamicAgentLoading to hide this warning
WARNING: If a serviceability tool is not in use, please run with -Djdk.instrument.traceUsage for more information
WARNING: Dynamic loading of agents will be disallowed by default in a future release
]]></system-err>
  </testcase>
</testsuite>